<?xml version="1.0" encoding="UTF-8"?>
<testng-results ignored="0" total="1" passed="0" failed="1" skipped="0">
  <reporter-output>
  </reporter-output>
  <suite started-at="2022-09-20T18:49:59 IST" name="Default suite" finished-at="2022-09-20T18:50:09 IST" duration-ms="9783">
    <groups>
    </groups>
    <test started-at="2022-09-20T18:49:59 IST" name="Default test" finished-at="2022-09-20T18:50:09 IST" duration-ms="9783">
      <class name="com.makemytrip.test.BookaSeatTest">
        <test-method is-config="true" signature="launchBrowser()[pri:0, instance:com.makemytrip.test.BookaSeatTest@5136d012]" started-at="2022-09-20T18:49:59 IST" name="launchBrowser" finished-at="2022-09-20T18:50:09 IST" duration-ms="9407" status="PASS">
          <reporter-output>
          </reporter-output>
        </test-method> <!-- launchBrowser -->
        <test-method signature="bookAseatfromNewDehliToBengalur()[pri:0, instance:com.makemytrip.test.BookaSeatTest@5136d012]" started-at="2022-09-20T18:50:09 IST" name="bookAseatfromNewDehliToBengalur" finished-at="2022-09-20T18:50:09 IST" duration-ms="46" status="FAIL">
          <exception class="java.lang.NullPointerException">
            <message>
              <![CDATA[Cannot invoke "org.openqa.selenium.JavascriptExecutor.executeScript(String, Object[])" because "executor" is null]]>
            </message>
            <full-stacktrace>
              <![CDATA[java.lang.NullPointerException: Cannot invoke "org.openqa.selenium.JavascriptExecutor.executeScript(String, Object[])" because "executor" is null
at com.makemytrip.utility.Action.JSClick(Action.java:12)
at com.makemytrip.pageobjectory.Homepage.clickOnDeparture(Homepage.java:44)
at com.makemytrip.test.BookaSeatTest.bookAseatfromNewDehliToBengalur(BookaSeatTest.java:22)
at java.base/jdk.internal.reflect.NativeMethodAccessorImpl.invoke0(Native Method)
at java.base/jdk.internal.reflect.NativeMethodAccessorImpl.invoke(NativeMethodAccessorImpl.java:77)
at java.base/jdk.internal.reflect.DelegatingMethodAccessorImpl.invoke(DelegatingMethodAccessorImpl.java:43)
at java.base/java.lang.reflect.Method.invoke(Method.java:568)
at org.testng.internal.MethodInvocationHelper.invokeMethod(MethodInvocationHelper.java:134)
at org.testng.internal.TestInvoker.invokeMethod(TestInvoker.java:597)
at org.testng.internal.TestInvoker.invokeTestMethod(TestInvoker.java:173)
at org.testng.internal.MethodRunner.runInSequence(MethodRunner.java:46)
at org.testng.internal.TestInvoker$MethodInvocationAgent.invoke(TestInvoker.java:816)
at org.testng.internal.TestInvoker.invokeTestMethods(TestInvoker.java:146)
at org.testng.internal.TestMethodWorker.invokeTestMethods(TestMethodWorker.java:146)
at org.testng.internal.TestMethodWorker.run(TestMethodWorker.java:128)
at java.base/java.util.ArrayList.forEach(ArrayList.java:1511)
at org.testng.TestRunner.privateRun(TestRunner.java:766)
at org.testng.TestRunner.run(TestRunner.java:587)
at org.testng.SuiteRunner.runTest(SuiteRunner.java:384)
at org.testng.SuiteRunner.runSequentially(SuiteRunner.java:378)
at org.testng.SuiteRunner.privateRun(SuiteRunner.java:337)
at org.testng.SuiteRunner.run(SuiteRunner.java:286)
at org.testng.SuiteRunnerWorker.runSuite(SuiteRunnerWorker.java:53)
at org.testng.SuiteRunnerWorker.run(SuiteRunnerWorker.java:96)
at org.testng.TestNG.runSuitesSequentially(TestNG.java:1187)
at org.testng.TestNG.runSuitesLocally(TestNG.java:1109)
at org.testng.TestNG.runSuites(TestNG.java:1039)
at org.testng.TestNG.run(TestNG.java:1007)
at org.testng.remote.AbstractRemoteTestNG.run(AbstractRemoteTestNG.java:115)
at org.testng.remote.RemoteTestNG.initAndRun(RemoteTestNG.java:251)
at org.testng.remote.RemoteTestNG.main(RemoteTestNG.java:77)
]]>
            </full-stacktrace>
          </exception> <!-- java.lang.NullPointerException -->
          <reporter-output>
          </reporter-output>
        </test-method> <!-- bookAseatfromNewDehliToBengalur -->
        <test-method is-config="true" signature="teraDownBrowserr()[pri:0, instance:com.makemytrip.test.BookaSeatTest@5136d012]" started-at="2022-09-20T18:50:09 IST" name="teraDownBrowserr" finished-at="2022-09-20T18:50:09 IST" duration-ms="293" status="PASS">
          <reporter-output>
          </reporter-output>
        </test-method> <!-- teraDownBrowserr -->
      </class> <!-- com.makemytrip.test.BookaSeatTest -->
    </test> <!-- Default test -->
  </suite> <!-- Default suite -->
</testng-results>
